1	0.00300002	start	
2	2.603	mouseDown	{button:1, clickCount:1, hotSpot:[40, 288.624187]}
3	2.671	mouseUp	{button:1, clickCount:1, hotSpot:[40, 288.624187]}
4	2.786	mouseDown	{button:1, clickCount:2, hotSpot:[40, 288.624187]}
5	2.828	mouseUp	{button:1, clickCount:2, hotSpot:[40, 288.624187]}
6	17.512	mouseDown	{button:1, clickCount:1, hotSpot:[316, 54.928479], waitFor:11}
7	17.562	mouseUp	{button:1, clickCount:0, hotSpot:[316, 54.928479]}
8	17.764	keyDown	{modifiers:262144, string:@"\u0016", theKey:"v"}
9	17.837	keyUp	{modifiers:262144, string:@"\u0016", theKey:"v"}
10	17.897	flagsChanged	0
11	20.417	keyDown	{modifiers:0, string:"n", theKey:"n"}
12	20.49	keyUp	{modifiers:0, string:"n", theKey:"n"}
13	20.722	keyDown	{modifiers:0, string:"o", theKey:"o"}
14	20.795	keyUp	{modifiers:0, string:"o", theKey:"o"}
15	20.896	keyDown	{modifiers:0, string:"p", theKey:"p"}
16	20.964	keyUp	{modifiers:0, string:"p", theKey:"p"}
17	21.239	keyDown	{modifiers:0, string:"c", theKey:"c"}
18	21.305	keyUp	{modifiers:0, string:"c", theKey:"c"}
19	21.308	keyDown	{modifiers:0, string:"o", theKey:"o"}
20	21.383	keyUp	{modifiers:0, string:"o", theKey:"o"}
21	21.487	keyDown	{modifiers:0, string:"m", theKey:"m"}
22	21.537	keyUp	{modifiers:0, string:"m", theKey:"m"}
23	21.592	keyDown	{modifiers:0, string:"m", theKey:"m"}
24	21.654	keyUp	{modifiers:0, string:"m", theKey:"m"}
25	21.688	keyDown	{modifiers:0, string:"e", theKey:"e"}
26	21.795	keyDown	{modifiers:0, string:"r", theKey:"r"}
27	21.84	keyUp	{modifiers:0, string:"e", theKey:"e"}
28	21.888	keyUp	{modifiers:0, string:"r", theKey:"r"}
29	22.056	keyDown	{modifiers:0, string:"c", theKey:"c"}
30	22.153	keyDown	{modifiers:0, string:"e", theKey:"e"}
31	22.212	keyUp	{modifiers:0, string:"c", theKey:"c"}
32	22.256	keyUp	{modifiers:0, string:"e", theKey:"e"}
33	22.362	keyDown	{modifiers:0, string:".", theKey:"."}
34	22.455	keyUp	{modifiers:0, string:".", theKey:"."}
35	22.923	keyDown	{modifiers:0, string:"t", theKey:"t"}
36	22.97	keyDown	{modifiers:0, string:"e", theKey:"e"}
37	23.036	keyUp	{modifiers:0, string:"t", theKey:"t"}
38	23.085	keyUp	{modifiers:0, string:"e", theKey:"e"}
39	23.194	keyDown	{modifiers:0, string:"s", theKey:"s"}
40	23.254	keyUp	{modifiers:0, string:"s", theKey:"s"}
41	23.361	keyDown	{modifiers:0, string:"t", theKey:"t"}
42	23.427	keyUp	{modifiers:0, string:"t", theKey:"t"}
43	25.03	keyDown	{modifiers:0, string:"p", theKey:"p"}
44	25.114	keyUp	{modifiers:0, string:"p", theKey:"p"}
45	25.266	keyDown	{modifiers:0, string:"l", theKey:"l"}
46	25.335	keyUp	{modifiers:0, string:"l", theKey:"l"}
47	25.363	keyDown	{modifiers:0, string:"a", theKey:"a"}
48	25.473	keyUp	{modifiers:0, string:"a", theKey:"a"}
49	25.593	keyDown	{modifiers:0, string:"n", theKey:"n"}
50	25.685	keyUp	{modifiers:0, string:"n", theKey:"n"}
51	25.763	keyDown	{modifiers:0, string:"t", theKey:"t"}
52	25.833	keyUp	{modifiers:0, string:"t", theKey:"t"}
53	25.994	keyDown	{modifiers:0, string:".", theKey:"."}
54	26.048	keyUp	{modifiers:0, string:".", theKey:"."}
55	26.092	keyDown	{modifiers:0, string:"c", theKey:"c"}
56	26.161	keyUp	{modifiers:0, string:"c", theKey:"c"}
57	26.195	keyDown	{modifiers:0, string:"o", theKey:"o"}
58	26.261	keyUp	{modifiers:0, string:"o", theKey:"o"}
59	26.403	keyDown	{modifiers:0, string:"m", theKey:"m"}
60	26.458	keyUp	{modifiers:0, string:"m", theKey:"m"}
61	28.731	keyDown	{modifiers:0, string:@"\r", theKey:@"\r"}
62	28.803	keyUp	{modifiers:0, string:@"\r", theKey:@"\r"}
63	35.435	mouseDown	{button:1, clickCount:1, hotSpot:[1013, 332.56697]}
64	35.532	mouseUp	{button:1, clickCount:1, hotSpot:[1013, 332.56697]}
65	39.356	mouseDown	{button:1, clickCount:1, hotSpot:[1018, 464.395319]}
66	39.431	mouseUp	{button:1, clickCount:1, hotSpot:[1018, 464.395319]}
67	43.949	mouseDown	{button:1, clickCount:1, hotSpot:[350, 658.143043]}
68	44.043	mouseUp	{button:1, clickCount:0, hotSpot:[349, 658.143043]}
69	48.453	mouseDown	{button:1, clickCount:1, hotSpot:[1011, 561.269181]}
70	48.556	mouseUp	{button:1, clickCount:1, hotSpot:[1011, 561.269181]}
71	50.397	mouseDown	{button:1, clickCount:1, hotSpot:[634, 361.529259]}
72	50.487	mouseUp	{button:1, clickCount:1, hotSpot:[634, 361.529259]}
73	55.087	mouseDown	{button:1, clickCount:1, hotSpot:[1017, 265.654096]}
74	55.606	mouseUp	{button:1, clickCount:0, hotSpot:[1024, 172.775033]}
75	56.562	mouseDown	{button:1, clickCount:1, hotSpot:[1019, 109.856957]}
76	56.625	keyDown	{modifiers:8388608, string:"", theKey:""}
77	56.66	keyDown	{modifiers:2097152, string:"0", theKey:"0"}
78	56.664	mouseUp	{button:1, clickCount:1, hotSpot:[1019, 109.856957]}
79	56.704	keyUp	{modifiers:2097152, string:"0", theKey:"0"}
80	56.764	keyUp	{modifiers:8388608, string:"", theKey:""}
81	58.323	mouseDown	{button:1, clickCount:1, hotSpot:[917, 100.868661]}
82	58.4	mouseUp	{button:1, clickCount:0, hotSpot:[916, 100.868661]}
83	62.052	mouseDown	{button:1, clickCount:1, hotSpot:[675, 610.205462]}
84	62.1	mouseUp	{button:1, clickCount:1, hotSpot:[675, 610.205462]}
85	65.164	end	
